<?xml version="1.0" encoding="UTF-8"?>
<robot generator="Robot 7.2.2 (Python 3.11.11 on darwin)" generated="2025-03-31T21:54:01.555626" rpa="false" schemaversion="5">
<suite id="s1" name="Api Tests" source="/Users/sayf/Documents/QA/robot devoir/tests/api_tests.robot">
<kw name="Load Test Data" type="SETUP">
<kw name="Get Test Data" owner="api_resources">
<msg time="2025-03-31T21:54:01.713150" level="INFO">${test_data} = [{'id': 254, 'name': 'David Alvarez', 'email': 'alan92@example.com', 'status': 'active', 'created_at': '2025-01-08'}, {'id': 686, 'name': 'Patricia Underwood', 'email': 'garciaashley@example.net', 'st...</msg>
<var>${test_data}</var>
<arg>users.json</arg>
<doc>Charge les données de test depuis le fichier JSON</doc>
<status status="PASS" start="2025-03-31T21:54:01.712326" elapsed="0.003696"/>
</kw>
<kw name="Set Suite Variable" owner="BuiltIn">
<msg time="2025-03-31T21:54:01.717575" level="INFO">${TEST_DATA} = {'id': 254, 'name': 'David Alvarez', 'email': 'alan92@example.com', 'status': 'active', 'created_at': '2025-01-08'}</msg>
<arg>${TEST_DATA}</arg>
<arg>${test_data}[0]</arg>
<doc>Makes a variable available everywhere within the scope of the current suite.</doc>
<status status="PASS" start="2025-03-31T21:54:01.716730" elapsed="0.001400"/>
</kw>
<status status="PASS" start="2025-03-31T21:54:01.711539" elapsed="0.007110"/>
</kw>
<test id="s1-t1" name="Update User" line="27">
<kw name="Create Dictionary" owner="BuiltIn">
<msg time="2025-03-31T21:54:01.721308" level="INFO">${update_data} = {'name': 'David Alvarez', 'job': 'Senior Developer'}</msg>
<var>${update_data}</var>
<arg>name=${TEST_DATA['name']}</arg>
<arg>job=Senior Developer</arg>
<doc>Creates and returns a dictionary based on the given ``items``.</doc>
<status status="PASS" start="2025-03-31T21:54:01.719708" elapsed="0.001804"/>
</kw>
<kw name="PUT" owner="RequestsLibrary">
<msg time="2025-03-31T21:54:01.982351" level="INFO">PUT Request : url=https://reqres.in/api/users/2 
 path_url=/api/users/2 
 headers={'User-Agent': 'python-requests/2.32.3', 'Accept-Encoding': 'gzip, deflate', 'Accept': '*/*', 'Connection': 'keep-alive', 'Content-Length': '52', 'Content-Type': 'application/json'} 
 body=b'{"name": "David Alvarez", "job": "Senior Developer"}' 
 </msg>
<msg time="2025-03-31T21:54:01.982737" level="INFO">PUT Response : url=https://reqres.in/api/users/2 
 status=200, reason=OK 
 headers={'Date': 'Mon, 31 Mar 2025 19:54:01 GMT', 'Content-Type': 'application/json; charset=utf-8', 'Transfer-Encoding': 'chunked', 'Connection': 'keep-alive', 'Report-To': '{"group":"heroku-nel","max_age":3600,"endpoints":[{"url":"https://nel.heroku.com/reports?ts=1743450841&amp;sid=c4c9725f-1ab0-44d8-820f-430df2718e11&amp;s=HmscI30kRVJdzVZ4nvRYocs2onQrTosrhjeK3cW0nCA%3D"}]}', 'Reporting-Endpoints': 'heroku-nel=https://nel.heroku.com/reports?ts=1743450841&amp;sid=c4c9725f-1ab0-44d8-820f-430df2718e11&amp;s=HmscI30kRVJdzVZ4nvRYocs2onQrTosrhjeK3cW0nCA%3D', 'Nel': '{"report_to":"heroku-nel","max_age":3600,"success_fraction":0.005,"failure_fraction":0.05,"response_headers":["Via"]}', 'X-Powered-By': 'Express', 'Access-Control-Allow-Origin': '*', 'Etag': 'W/"58-cF2GEUlESzm4/x8O0lLgP5Dy3zM"', 'Via': '1.1 vegur', 'CF-Cache-Status': 'DYNAMIC', 'Vary': 'Accept-Encoding', 'Server': 'cloudflare', 'CF-RAY': '92926571ec9c9ee8-CDG', 'Content-Encoding': 'gzip', 'server-timing': 'cfL4;desc="?proto=TCP&amp;rtt=14811&amp;min_rtt=4213&amp;rtt_var=22776&amp;sent=5&amp;recv=8&amp;lost=0&amp;retrans=1&amp;sent_bytes=4222&amp;recv_bytes=896&amp;delivery_rate=32494&amp;cwnd=251&amp;unsent_bytes=0&amp;cid=bfc096f66adb750e&amp;ts=153&amp;x=0"'} 
 body={"name":"David Alvarez","job":"Senior Developer","updatedAt":"2025-03-31T19:54:01.949Z"} 
 </msg>
<msg time="2025-03-31T21:54:01.982974" level="INFO">${response} = &lt;Response [200]&gt;</msg>
<var>${response}</var>
<arg>${BASE_URL}/users/2</arg>
<arg>json=${update_data}</arg>
<doc>Sends a PUT request.</doc>
<status status="PASS" start="2025-03-31T21:54:01.721829" elapsed="0.261234"/>
</kw>
<kw name="Status Should Be" owner="RequestsLibrary">
<arg>200</arg>
<arg>${response}</arg>
<doc>Fails if response status code is different than the expected.</doc>
<status status="PASS" start="2025-03-31T21:54:01.983509" elapsed="0.000351"/>
</kw>
<kw name="Should Be Equal As Strings" owner="BuiltIn">
<arg>${response.json()['job']}</arg>
<arg>Senior Developer</arg>
<doc>Fails if objects are unequal after converting them to strings.</doc>
<status status="PASS" start="2025-03-31T21:54:01.984203" elapsed="0.000676"/>
</kw>
<tag>PUT</tag>
<status status="PASS" start="2025-03-31T21:54:01.718825" elapsed="0.266405"/>
</test>
<status status="PASS" start="2025-03-31T21:54:01.576669" elapsed="0.409036"/>
</suite>
<statistics>
<total>
<stat pass="1" fail="0" skip="0">All Tests</stat>
</total>
<tag>
<stat pass="1" fail="0" skip="0">PUT</stat>
</tag>
<suite>
<stat name="Api Tests" id="s1" pass="1" fail="0" skip="0">Api Tests</stat>
</suite>
</statistics>
<errors>
</errors>
</robot>
